<?xml version="1.0" encoding="UTF-8"?>
<Site BuildName="Darwin-clang++"
	BuildStamp="20231203-0225-Experimental"
	Name="M1_Mac.T-mobile.com"
	Generator="ctest-3.27.9"
	CompilerName="/usr/bin/clang++"
	CompilerVersion="15.0.0.15000040"
	OSName="macOS"
	Hostname="M1_Mac.T-mobile.com"
	OSRelease="14.1.1"
	OSVersion="23B81"
	OSPlatform="arm64"
	Is64Bits="1"
	VendorString="IBM"
	VendorID="IBM"
	FamilyID="16777228"
	ModelID="2"
	ProcessorCacheSize="131072"
	NumberOfLogicalCPU="8"
	NumberOfPhysicalCPU="8"
	TotalVirtualMemory="2048"
	TotalPhysicalMemory="8192"
	LogicalProcessorsPerPhysical="8"
	ProcessorClockFrequency="0"
	>
	<Testing>
		<StartDateTime>Dec 03 16:30 KST</StartDateTime>
		<StartTestTime>1701588650</StartTestTime>
		<TestList/>
		<EndDateTime>Dec 03 16:30 KST</EndDateTime>
		<EndTestTime>1701588650</EndTestTime>
		<ElapsedMinutes>0</ElapsedMinutes>
	</Testing>
</Site>
